
🌐 SEARCHING FOR: HSBC...
📄 Analyzing: 2025-12-08_Statement (4).pdf
⚠️ No text extracted. Attempting OCR...
--- START OCR TEXT ---
<)> usec CREDIT CARD STATEMENT Premier

PAYMENT SUMMARY

Payment due date Minimum payment due (%)
MR BHARAT ANAND
HNO 330 SECTOR 4 MANSA DEVI COMPLEX Statement period Total payment due (%)
134114

134114 HSBC PREMIER
INDIA 134114

Please make all cheques/demand drafts duly crossed, payable to "HSBC
Alc 51XX XXXX XXXX 9626" and write your NAME and CONTACT
TELEPHONE NUMBER on the reverse of the instrument.

M

0818010778_1225
Primary card number Account number
State: 06 - HARYANA 51XX XXXX XXXX 9626 51XX XXXX XXXX 0410

Credit limit ys oooae a fs Cashlimit @)* i)
> ~~ s0000000 Sid 000.00 > 30000000 ~SsCd 000.00 Contact details update: Tel. No.
(STD Code}

Please examine your statement immediately upon receipt. All contents of the statement will be deemed to Fi
be correct and accepted by you, unless you inform us of any discrepancies within 30 days from the date of % (PAYMENT SLIP to be detached and returned wit

*Cash limit availability is subject to the availability of the total credit limit. E-mail:

h cash payments}

this statement. Please see reverse for further details.

16NOV
17NOV
18NOV
19NOV
23NOV
26NOV
25NOV
26NOV
O5DEC

O8NOV

O9NOV

11NOV

11NOV

13NOV

16NOV

17NOV

>8

TRANSACTION DETAILS AMOUNT (®}

Available Credit Limit 22,831.30

OPENING BALANCE 369,223.77
BBPS PMT BBPSDP015320224919d0ehDa 20,000.00

BBPS PMT HGAJP02BB50465362949 29,223.00
BBPS PMT BBPSIF035322BAJAAAAEFA79 50,000.00
BBPS PMT BBPSIF035323BAJAAAAEFEXH 30,000.00
BBPS PMT BBPSIF035327BAJAAAAEF2DS 6
--- END OCR TEXT ---

🌐 SEARCHING FOR: EXPRESS...
📄 Analyzing: 2025-10-05.pdf
--- START TEXT ---
americanexpress.co.in
American Express Banking
American Express® Platinum Card Corp.
Cyber City, Tower C
Statement of Account
DLF Bldg No. 8, Sector - 25
Gurgaon - 122002
For any queries, please call us
on: +91-124-670-2600
Page 1 of 16
(Toll Free): 1800 419 1255
(Toll Free): 1800 180 1255
Prepared for Membership Number Date
BHARAT ANAND XXXX-XXXXXX-41009 05/10/2025
343489901072
Previous Balance Rs New Credits Rs New Debits Rs Closing Balance Rs Amount Payable Rs
1,314,554.39 - 1,315,716.95 + 1,425,137.85 = 1,423,975.29 1,423,975.29
Please pay by
Statement includes payments and charges received byOctober 05, 2025 October23, 2025
Thank you for using the American Express Card. We would appreciate receiving your payment of Rs.1,423,975.29
by23/10/2025.
Details Foreign Spending Amount Rs
September 13 PAYMENT RECEIVED. THANK YOU 94,555.00
Card Number XXXX-XXXXXX-41009 CR
September 17 PAYMENT RECEIVED. THANK YOU 19,999.39
Card Number XXXX-XXXXXX-41009 CR
September 17 PAYMENT RECEIVED. THANK YOU 70,000.00
Card Number XXXX-XXXXXX-41009 CR
September 18 PAYMENT RECEIVED. THANK YOU 30,000.00
Card Number XXXX-XXXXXX-41009 CR
September 20 PAYMENT RECEIVED. THANK YOU 100,000.00
Card Number XXXX-XXXXXX-41009 CR
September 20 PAYMENT RECEIVED. THANK YOU 10,000.00
Card Number XXXX-XXXXXX-41009 CR
September 20 PAYMENT RECEIVED. THANK YOU 29,000.00
Card Number XXXX-XXXXXX-41009 CR
September 21 PAYMENT RECEIVED. THANK YOU 10,000.00
Card Number XXXX-XXXXXX-41009 CR
September 22 PAYMENT RECEIVED. T
--- END TEXT ---
